<?xml version="1.0" encoding="UTF-8"?>
<!-- Generated by org.testng.reporters.JUnitReportReporter -->
<testsuite hostname="DESKTOP-P287UI7" failures="0" tests="1" name="SauaceLab.SauceLabAutomation.IOSRealDeviceTest" time="32.057" errors="0" timestamp="2023-12-28T22:58:38 EST" skipped="0">
  <testcase classname="SauaceLab.SauceLabAutomation.IOSRealDeviceTest" name="fRealDeviceIOS" time="32.057"/>
  <system-out/>
</testsuite> <!-- SauaceLab.SauceLabAutomation.IOSRealDeviceTest -->
